<?xml version="1.0" encoding="UTF-8"?>
<testng-results ignored="0" total="1" passed="1" failed="0" skipped="0">
  <reporter-output>
  </reporter-output>
  <suite started-at="2023-02-16T17:09:05 IST" name="Default suite" finished-at="2023-02-16T17:09:07 IST" duration-ms="1748">
    <groups>
    </groups>
    <test started-at="2023-02-16T17:09:05 IST" name="Default test" finished-at="2023-02-16T17:09:07 IST" duration-ms="1748">
      <class name="Test03_Post">
        <test-method signature="test2()[pri:0, instance:Test03_Post@31c88ec8]" started-at="2023-02-16T17:09:05 IST" name="test2" finished-at="2023-02-16T17:09:07 IST" duration-ms="1714" status="PASS">
          <reporter-output>
          </reporter-output>
        </test-method> <!-- test2 -->
      </class> <!-- Test03_Post -->
    </test> <!-- Default test -->
  </suite> <!-- Default suite -->
</testng-results>
